\BOOKMARK [1][-]{section.1}{\376\377\000W\000s\000t\001\031\000p}{}% 1
\BOOKMARK [1][-]{section.2}{\376\377\000P\000o\000d\000s\000t\000a\000w\000y\000\040\000t\000e\000o\000r\000e\000t\000y\000c\000z\000n\000e}{}% 2
\BOOKMARK [2][-]{subsection.2.1}{\376\377\000P\000r\000z\000e\000w\000i\000d\000y\000w\000a\000n\000i\000e\000\040\000s\000z\000e\000r\000e\000g\000\363\000w\000\040\000c\000z\000a\000s\000o\000w\000y\000c\000h\000\040\000n\000a\000\040\000r\000y\000n\000k\000a\000c\000h\000\040\000f\000i\000n\000a\000n\000s\000o\000w\000y\000c\000h}{section.2}% 3
\BOOKMARK [3][-]{subsubsection.2.1.1}{\376\377\000W\000s\000k\000a\001\172\000n\000i\000k\000\040\000s\000i\001\102\000y\000\040\000w\000z\000g\000l\001\031\000d\000n\000e\000j\000\040\000\050\000R\000e\000l\000a\000t\000i\000v\000e\000\040\000S\000t\000r\000e\000n\000g\000t\000h\000\040\000I\000n\000d\000e\000x\000,\000\040\000R\000S\000I\000\051}{subsection.2.1}% 4
\BOOKMARK [3][-]{subsubsection.2.1.2}{\376\377\000W\000s\000t\001\031\000g\000i\000\040\000B\000o\000l\000l\000i\000n\000g\000e\000r\000a\000\040\000\050\000B\000o\000l\000l\000i\000n\000g\000e\000r\000\040\000B\000a\000n\000d\000s\000\051}{subsection.2.1}% 5
\BOOKMARK [2][-]{subsection.2.2}{\376\377\000S\000i\000e\000c\000i\000\040\000n\000e\000u\000r\000o\000n\000o\000w\000e\000\040\000w\000\040\000p\000r\000o\000g\000n\000o\000z\000o\000w\000a\000n\000i\000u\000\040\000r\000y\000n\000k\000\363\000w\000\040\000f\000i\000n\000a\000n\000s\000o\000w\000y\000c\000h}{section.2}% 6
\BOOKMARK [3][-]{subsubsection.2.2.1}{\376\377\000P\000o\000d\000s\000t\000a\000w\000y\000\040\000d\000z\000i\000a\001\102\000a\000n\000i\000a\000\040\000s\000z\000t\000u\000c\000z\000n\000e\000g\000o\000\040\000n\000e\000u\000r\000o\000n\000u}{subsection.2.2}% 7
\BOOKMARK [3][-]{subsubsection.2.2.2}{\376\377\000A\000r\000c\000h\000i\000t\000e\000k\000t\000u\000r\000a\000\040\000s\000i\000e\000c\000i\000\040\000n\000e\000u\000r\000o\000n\000o\000w\000e\000j}{subsection.2.2}% 8
\BOOKMARK [3][-]{subsubsection.2.2.3}{\376\377\000U\000c\000z\000e\000n\000i\000e\000\040\000s\000i\000e\000c\000i\000\040\000n\000e\000u\000r\000o\000n\000o\000w\000e\000j}{subsection.2.2}% 9
\BOOKMARK [3][-]{subsubsection.2.2.4}{\376\377\000S\000i\000e\000c\000i\000\040\000r\000e\000k\000u\000r\000e\000n\000c\000y\000j\000n\000e}{subsection.2.2}% 10
\BOOKMARK [3][-]{subsubsection.2.2.5}{\376\377\000S\000i\000e\000c\000i\000\040\000L\000o\000n\000g\000\040\000S\000h\000o\000r\000t\000-\000T\000e\000r\000m\000\040\000M\000e\000m\000o\000r\000y}{subsection.2.2}% 11
\BOOKMARK [3][-]{subsubsection.2.2.6}{\376\377\000F\000i\000l\000t\000r\000\040\000K\000a\000l\000m\000a\000n\000a}{subsection.2.2}% 12
\BOOKMARK [1][-]{section.3}{\376\377\000M\000e\000t\000o\000d\000y\000k\000a\000\040\000b\000a\000d\000a\001\104}{}% 13
\BOOKMARK [2][-]{subsection.3.1}{\376\377\001\132\000r\000o\000d\000o\000w\000i\000s\000k\000o\000\040\000b\000a\000d\000a\000w\000c\000z\000e}{section.3}% 14
\BOOKMARK [2][-]{subsection.3.2}{\376\377\000P\000r\000z\000y\000g\000o\000t\000o\000w\000a\000n\000i\000e\000\040\000d\000a\000n\000y\000c\000h}{section.3}% 15
\BOOKMARK [3][-]{subsubsection.3.2.1}{\376\377\000P\000o\000b\000r\000a\000n\000i\000e\000\040\000d\000a\000n\000y\000c\000h}{subsection.3.2}% 16
\BOOKMARK [3][-]{subsubsection.3.2.2}{\376\377\000P\000r\000z\000e\000t\000w\000a\000r\000z\000a\000n\000i\000e\000\040\000w\000s\000t\001\031\000p\000n\000e\000\040\000i\000\040\000i\000n\001\174\000y\000n\000i\000e\000r\000i\000a\000\040\000c\000e\000c\000h}{subsection.3.2}% 17
\BOOKMARK [3][-]{subsubsection.3.2.3}{\376\377\000S\000k\000a\000l\000o\000w\000a\000n\000i\000e\000\040\000d\000a\000n\000y\000c\000h}{subsection.3.2}% 18
\BOOKMARK [3][-]{subsubsection.3.2.4}{\376\377\000P\000o\000d\000z\000i\000a\001\102\000\040\000d\000a\000n\000y\000c\000h}{subsection.3.2}% 19
\BOOKMARK [2][-]{subsection.3.3}{\376\377\000A\000r\000c\000h\000i\000t\000e\000k\000t\000u\000r\000a\000\040\000m\000o\000d\000e\000l\000i}{section.3}% 20
\BOOKMARK [3][-]{subsubsection.3.3.1}{\376\377\000M\000o\000d\000e\000l\000\040\000b\000a\000z\000o\000w\000y\000\040\000\050\000B\000a\000s\000e\000\040\000M\000o\000d\000e\000l\000\051}{subsection.3.3}% 21
\BOOKMARK [3][-]{subsubsection.3.3.2}{\376\377\000M\000o\000d\000e\000l\000\040\000w\000z\000b\000o\000g\000a\000c\000o\000n\000y\000\040\000\050\000E\000n\000r\000i\000c\000h\000e\000d\000\040\000M\000o\000d\000e\000l\000\051}{subsection.3.3}% 22
\BOOKMARK [3][-]{subsubsection.3.3.3}{\376\377\000M\000o\000d\000e\000l\000\040\000z\000\040\000f\000i\000l\000t\000r\000e\000m\000\040\000K\000a\000l\000m\000a\000n\000a\000\040\000\050\000K\000a\000l\000m\000a\000n\000\040\000M\000o\000d\000e\000l\000\051}{subsection.3.3}% 23
\BOOKMARK [2][-]{subsection.3.4}{\376\377\000M\000e\000t\000r\000y\000k\000i\000\040\000o\000c\000e\000n\000y}{section.3}% 24
\BOOKMARK [2][-]{subsection.3.5}{\376\377\000P\000r\000o\000c\000e\000s\000\040\000u\000c\000z\000e\000n\000i\000a}{section.3}% 25
\BOOKMARK [3][-]{subsubsection.3.5.1}{\376\377\000S\000t\000r\000o\000j\000e\000n\000i\000e\000\040\000h\000i\000p\000e\000r\000p\000a\000r\000a\000m\000e\000t\000r\000\363\000w}{subsection.3.5}% 26
\BOOKMARK [3][-]{subsubsection.3.5.2}{\376\377\000P\000r\000z\000e\000b\000i\000e\000g\000\040\000p\000r\000o\000c\000e\000s\000u\000\040\000u\000c\000z\000e\000n\000i\000a}{subsection.3.5}% 27
\BOOKMARK [2][-]{subsection.3.6}{\376\377\000P\000r\000o\000c\000e\000s\000\040\000e\000w\000a\000l\000u\000a\000c\000j\000i}{section.3}% 28
\BOOKMARK [1][-]{section.4}{\376\377\000W\000y\000n\000i\000k\000i\000\040\000b\000a\000d\000a\001\104}{}% 29
\BOOKMARK [2][-]{subsection.4.1}{\376\377\000W\000y\000n\000i\000k\000i\000\040\000m\000o\000d\000e\000l\000u\000\040\000b\000a\000z\000o\000w\000e\000g\000o}{section.4}% 30
